<?xml version="1.0" encoding="UTF-8"?>
<!-- Generated by org.testng.reporters.JUnitReportReporter -->
<testsuite hostname="DESKTOP-L5M8GS9" failures="0" tests="1" name="com.demo.amazon.AmazonSearchBooksTest" time="35.846" errors="0" timestamp="2023-06-23T12:13:10 EEST" skipped="0">
  <testcase classname="com.demo.amazon.AmazonSearchBooksTest" name="searchBooksTest" time="35.846"/>
</testsuite> <!-- com.demo.amazon.AmazonSearchBooksTest -->
